INFO  | 2021-06-10 11:24:30 | [main] app.Driver (Driver.java:132) - Customer, Mina Carbajal, has logged in.
INFO  | 2021-06-10 11:25:45 | [main] app.Driver (Driver.java:128) - Employee, John Smith, has logged in.
INFO  | 2021-06-10 11:26:31 | [main] app.Driver (Driver.java:128) - Employee, John Smith, has logged in.
INFO  | 2021-06-10 11:26:38 | [main] app.Driver (Driver.java:562) - Employee, John Smith, has logged out.
INFO  | 2021-06-10 11:26:46 | [main] app.Driver (Driver.java:132) - Customer, Mina Carbajal, has logged in.
INFO  | 2021-06-10 12:08:24 | [main] app.Driver (Driver.java:128) - Employee, John Smith, has logged in.
INFO  | 2021-06-10 12:08:28 | [main] app.Driver (Driver.java:562) - Employee, John Smith, has logged out.
INFO  | 2021-06-10 12:08:42 | [main] app.Driver (Driver.java:132) - Customer, Mina Carbajal, has logged in.
INFO  | 2021-06-10 12:08:47 | [main] app.Driver (Driver.java:425) - Customer, Mina Carbajal, has logged out.
INFO  | 2021-06-10 12:10:45 | [main] app.Driver (Driver.java:128) - Employee, John Smith, has logged in.
INFO  | 2021-06-10 12:10:46 | [main] app.Driver (Driver.java:562) - Employee, John Smith, has logged out.
INFO  | 2021-06-10 12:36:22 | [main] app.Driver (Driver.java:165) - New Customer, New User, account created.
INFO  | 2021-06-10 12:36:34 | [main] app.Driver (Driver.java:132) - Customer, New User, has logged in.
INFO  | 2021-06-10 12:37:57 | [main] app.Driver (Driver.java:425) - Customer, New User, has logged out.
INFO  | 2021-06-10 12:39:07 | [main] app.Driver (Driver.java:128) - Employee, John Smith, has logged in.
INFO  | 2021-06-10 12:39:18 | [main] app.Driver (Driver.java:562) - Employee, John Smith, has logged out.
INFO  | 2021-06-10 12:39:42 | [main] app.Driver (Driver.java:165) - New Customer, new2 new2, account created.
INFO  | 2021-06-11 12:11:53 | [main] app.Driver (Driver.java:132) - Customer, Mina Carbajal, has logged in.
INFO  | 2021-06-11 12:21:07 | [main] app.Driver (Driver.java:132) - Customer, Mina Carbajal, has logged in.
INFO  | 2021-06-11 13:53:19 | [main] app.Driver (Driver.java:132) - Customer, Rick Astley, has logged in.
INFO  | 2021-06-11 15:15:25 | [main] app.Driver (Driver.java:132) - Customer, Rick Astley, has logged in.
INFO  | 2021-06-11 15:24:05 | [main] app.Driver (Driver.java:132) - Customer, Mina Carbajal, has logged in.
INFO  | 2021-06-11 15:24:22 | [main] app.Driver (Driver.java:132) - Customer, Rick Astley, has logged in.
INFO  | 2021-06-11 15:47:29 | [main] app.Driver (Driver.java:132) - Customer, Rick Astley, has logged in.
INFO  | 2021-06-11 19:53:46 | [main] app.Driver (Driver.java:132) - Customer, Rick Astley, has logged in.
INFO  | 2021-06-11 20:09:58 | [main] app.Driver (Driver.java:436) - Customer, Rick Astley, has logged out.
INFO  | 2021-06-11 20:10:05 | [main] app.Driver (Driver.java:132) - Customer, Mina Carbajal, has logged in.
INFO  | 2021-06-12 12:47:15 | [main] app.Driver (Driver.java:132) - Customer, Mina Carbajal, has logged in.
INFO  | 2021-06-12 12:50:02 | [main] app.Driver (Driver.java:132) - Customer, Mina Carbajal, has logged in.
INFO  | 2021-06-12 12:54:44 | [main] app.Driver (Driver.java:132) - Customer, Mina Carbajal, has logged in.
INFO  | 2021-06-12 12:57:19 | [main] app.Driver (Driver.java:437) - Customer, Mina Carbajal, has logged out.
INFO  | 2021-06-12 12:57:26 | [main] app.Driver (Driver.java:132) - Customer, Mina Carbajal, has logged in.
INFO  | 2021-06-12 12:57:56 | [main] app.Driver (Driver.java:437) - Customer, Mina Carbajal, has logged out.
INFO  | 2021-06-12 12:58:08 | [main] app.Driver (Driver.java:132) - Customer, New User, has logged in.
INFO  | 2021-06-12 12:59:23 | [main] app.Driver (Driver.java:437) - Customer, New User, has logged out.
INFO  | 2021-06-12 12:59:39 | [main] app.Driver (Driver.java:132) - Customer, Rick Astley, has logged in.
INFO  | 2021-06-12 13:21:27 | [main] app.Driver (Driver.java:132) - Customer, Rick Astley, has logged in.
INFO  | 2021-06-12 13:22:47 | [main] app.Driver (Driver.java:440) - Customer, Rick Astley, has logged out.
INFO  | 2021-06-12 13:30:25 | [main] app.Driver (Driver.java:132) - Customer, Mina Carbajal, has logged in.
INFO  | 2021-06-12 13:50:23 | [main] app.Driver (Driver.java:132) - Customer, Mina Carbajal, has logged in.
INFO  | 2021-06-12 14:04:03 | [main] app.Driver (Driver.java:132) - Customer, Mina Carbajal, has logged in.
INFO  | 2021-06-12 14:05:38 | [main] app.Driver (Driver.java:445) - Customer, Mina Carbajal, has logged out.
INFO  | 2021-06-12 14:08:24 | [main] app.Driver (Driver.java:132) - Customer, Mina Carbajal, has logged in.
INFO  | 2021-06-12 14:37:56 | [main] app.Driver (Driver.java:132) - Customer, Rick Astley, has logged in.
INFO  | 2021-06-12 14:41:45 | [main] app.Driver (Driver.java:132) - Customer, Rick Astley, has logged in.
INFO  | 2021-06-12 14:52:15 | [main] app.Driver (Driver.java:456) - Customer, Rick Astley, has logged out.
INFO  | 2021-06-12 17:12:41 | [main] app.Driver (Driver.java:133) - Customer, Mina Carbajal, has logged in.
INFO  | 2021-06-12 17:18:00 | [main] app.Driver (Driver.java:133) - Customer, Rick Astley, has logged in.
INFO  | 2021-06-12 17:22:34 | [main] app.Driver (Driver.java:134) - Customer, Rick Astley, has logged in.
INFO  | 2021-06-12 17:24:41 | [main] app.Driver (Driver.java:134) - Customer, Rick Astley, has logged in.
INFO  | 2021-06-12 17:29:48 | [main] app.Driver (Driver.java:134) - Customer, Rick Astley, has logged in.
INFO  | 2021-06-12 18:08:31 | [main] app.Driver (Driver.java:130) - Employee, John Smith, has logged in.
INFO  | 2021-06-12 18:09:58 | [main] app.Driver (Driver.java:130) - Employee, John Smith, has logged in.
INFO  | 2021-06-12 18:12:43 | [main] app.Driver (Driver.java:130) - Employee, John Smith, has logged in.
INFO  | 2021-06-12 18:17:18 | [main] app.Driver (Driver.java:130) - Employee, John Smith, has logged in.
INFO  | 2021-06-12 18:21:41 | [main] app.Driver (Driver.java:641) - Employee, John Smith, has logged out.
INFO  | 2021-06-12 18:22:00 | [main] app.Driver (Driver.java:134) - Customer, Rick Astley, has logged in.
INFO  | 2021-06-12 18:22:25 | [main] app.Driver (Driver.java:494) - Customer, Rick Astley, has logged out.
INFO  | 2021-06-12 18:22:30 | [main] app.Driver (Driver.java:130) - Employee, John Smith, has logged in.
INFO  | 2021-06-12 18:35:26 | [main] app.Driver (Driver.java:130) - Employee, John Smith, has logged in.
INFO  | 2021-06-12 18:35:38 | [main] app.Driver (Driver.java:626) - Employee, John Smith, has logged out.
INFO  | 2021-06-12 19:01:57 | [main] app.Driver (Driver.java:130) - Employee, John Smith, has logged in.
INFO  | 2021-06-12 19:43:49 | [main] app.Driver (Driver.java:131) - Employee, John Smith, has logged in.
INFO  | 2021-06-12 19:44:49 | [main] app.Driver (Driver.java:547) - Employee, John Smith, has logged out.
INFO  | 2021-06-12 20:02:59 | [main] app.Driver (Driver.java:135) - Customer, Rick Astley, has logged in.
INFO  | 2021-06-12 20:04:27 | [main] app.Driver (Driver.java:131) - Employee, John Smith, has logged in.
INFO  | 2021-06-12 20:05:37 | [main] app.Driver (Driver.java:131) - Employee, John Smith, has logged in.
INFO  | 2021-06-12 20:06:17 | [main] app.Driver (Driver.java:131) - Employee, John Smith, has logged in.
INFO  | 2021-06-12 20:07:06 | [main] app.Driver (Driver.java:547) - Employee, John Smith, has logged out.
INFO  | 2021-06-12 20:36:14 | [main] app.Driver (Driver.java:128) - Customer, Mina Carbajal, has logged in.
INFO  | 2021-06-12 22:43:39 | [main] app.Driver (Driver.java:128) - Customer, Mina Carbajal, has logged in.
INFO  | 2021-06-12 22:50:15 | [main] app.Driver (Driver.java:128) - Customer, Rick Astley, has logged in.
INFO  | 2021-06-12 23:01:57 | [main] app.Driver (Driver.java:128) - Customer, Rick Astley, has logged in.
INFO  | 2021-06-12 23:42:04 | [main] app.Driver (Driver.java:128) - Customer, Rick Astley, has logged in.
INFO  | 2021-06-13 00:05:26 | [main] app.Driver (Driver.java:128) - Customer, Mina Carbajal, has logged in.
INFO  | 2021-06-13 00:15:25 | [main] app.Driver (Driver.java:128) - Customer, Rick Astley, has logged in.
INFO  | 2021-06-13 00:15:39 | [main] app.Driver (Driver.java:465) - Customer, Rick Astley, has logged out.
INFO  | 2021-06-13 00:29:38 | [main] app.Driver (Driver.java:128) - Customer, Mina Carbajal, has logged in.
INFO  | 2021-06-13 00:48:40 | [main] app.Driver (Driver.java:130) - Customer, Rick Astley, has logged in.
INFO  | 2021-06-13 00:50:13 | [main] app.Driver (Driver.java:130) - Customer, Mina Carbajal, has logged in.
INFO  | 2021-06-13 00:51:20 | [main] app.Driver (Driver.java:130) - Customer, Mina Carbajal, has logged in.
INFO  | 2021-06-13 01:01:18 | [main] app.Driver (Driver.java:130) - Customer, Rick Astley, has logged in.
INFO  | 2021-06-13 01:06:18 | [main] app.Driver (Driver.java:130) - Customer, Rick Astley, has logged in.
INFO  | 2021-06-13 01:10:19 | [main] app.Driver (Driver.java:130) - Customer, Rick Astley, has logged in.
INFO  | 2021-06-13 01:19:25 | [main] app.Driver (Driver.java:130) - Customer, Rick Astley, has logged in.
INFO  | 2021-06-13 01:23:12 | [main] app.Driver (Driver.java:130) - Customer, Mina Carbajal, has logged in.
INFO  | 2021-06-13 01:25:09 | [main] app.Driver (Driver.java:130) - Customer, Mina Carbajal, has logged in.
INFO  | 2021-06-13 01:32:40 | [main] app.Driver (Driver.java:484) - Customer, Mina Carbajal, has logged out.
INFO  | 2021-06-13 01:32:55 | [main] app.Driver (Driver.java:126) - Employee, John Smith, has logged in.
INFO  | 2021-06-13 01:34:39 | [main] app.Driver (Driver.java:586) - Employee, John Smith, has logged out.
INFO  | 2021-06-13 12:02:31 | [main] app.Driver (Driver.java:130) - Customer, Mina Carbajal, has logged in.
INFO  | 2021-06-13 13:28:42 | [main] app.Driver (Driver.java:130) - Customer, Rick Astley, has logged in.
INFO  | 2021-06-13 13:29:16 | [main] app.Driver (Driver.java:482) - Customer, Rick Astley, has logged out.
INFO  | 2021-06-13 13:29:36 | [main] app.Driver (Driver.java:126) - Employee, John Smith, has logged in.
INFO  | 2021-06-13 13:31:06 | [main] app.Driver (Driver.java:130) - Customer, Rick Astley, has logged in.
INFO  | 2021-06-13 13:31:52 | [main] app.Driver (Driver.java:130) - Customer, Rick Astley, has logged in.
INFO  | 2021-06-13 13:32:11 | [main] app.Driver (Driver.java:482) - Customer, Rick Astley, has logged out.
INFO  | 2021-06-13 13:32:16 | [main] app.Driver (Driver.java:126) - Employee, John Smith, has logged in.
INFO  | 2021-06-13 13:33:39 | [main] app.Driver (Driver.java:584) - Employee, John Smith, has logged out.
INFO  | 2021-06-13 13:41:22 | [main] app.Driver (Driver.java:130) - Customer, Rick Astley, has logged in.
INFO  | 2021-06-13 13:41:44 | [main] app.Driver (Driver.java:286) - New deposit created for Account (10) in the amount of $100.0
INFO  | 2021-06-13 13:42:14 | [main] app.Driver (Driver.java:431) - New transfer created for Account (1) to Account (10) in the amount of $1000.0
INFO  | 2021-06-13 13:42:28 | [main] app.Driver (Driver.java:487) - Customer, Rick Astley, has logged out.
INFO  | 2021-06-13 13:42:34 | [main] app.Driver (Driver.java:126) - Employee, John Smith, has logged in.
INFO  | 2021-06-13 13:45:12 | [main] app.Driver (Driver.java:130) - Customer, Mina Carbajal, has logged in.
INFO  | 2021-06-13 13:45:36 | [main] app.Driver (Driver.java:432) - New transfer created for Account (4) to Account (5) in the amount of $900.0
INFO  | 2021-06-13 13:45:47 | [main] app.Driver (Driver.java:488) - Customer, Mina Carbajal, has logged out.
INFO  | 2021-06-13 13:45:52 | [main] app.Driver (Driver.java:126) - Employee, John Smith, has logged in.
INFO  | 2021-06-13 13:46:04 | [main] app.Driver (Driver.java:590) - Employee, John Smith, has logged out.
INFO  | 2021-06-13 14:07:33 | [main] app.Driver (Driver.java:130) - Customer, Rick Astley, has logged in.
INFO  | 2021-06-13 14:07:36 | [main] app.Driver (Driver.java:212) - New checking account created for Rick Astley
INFO  | 2021-06-13 14:12:00 | [main] app.Driver (Driver.java:130) - Customer, Rick Astley, has logged in.
INFO  | 2021-06-13 14:12:02 | [main] app.Driver (Driver.java:226) - New savings account created for Rick Astley
INFO  | 2021-06-13 14:21:41 | [main] app.Driver (Driver.java:130) - Customer, New User, has logged in.
INFO  | 2021-06-13 14:21:48 | [main] app.Driver (Driver.java:212) - New checking account created for New User
INFO  | 2021-06-13 14:26:43 | [main] app.Driver (Driver.java:130) - Customer, New User, has logged in.
INFO  | 2021-06-13 14:26:59 | [main] app.Driver (Driver.java:226) - New savings account created for New User
INFO  | 2021-06-13 14:27:22 | [main] app.Driver (Driver.java:130) - Customer, New User, has logged in.
INFO  | 2021-06-13 14:27:25 | [main] app.Driver (Driver.java:226) - New savings account created for New User
INFO  | 2021-06-13 18:47:38 | [main] app.Driver (Driver.java:130) - Customer, New User, has logged in.
INFO  | 2021-06-13 18:47:40 | [main] app.Driver (Driver.java:226) - New savings account created for New User
INFO  | 2021-06-13 18:49:00 | [main] app.Driver (Driver.java:488) - Customer, New User, has logged out.
INFO  | 2021-06-13 18:49:06 | [main] app.Driver (Driver.java:126) - Employee, John Smith, has logged in.
INFO  | 2021-06-13 18:49:29 | [main] app.Driver (Driver.java:590) - Employee, John Smith, has logged out.
INFO  | 2021-06-13 18:49:36 | [main] app.Driver (Driver.java:130) - Customer, New User, has logged in.
INFO  | 2021-06-13 18:49:45 | [main] app.Driver (Driver.java:286) - New deposit created for Account (14) in the amount of $200.0
INFO  | 2021-06-13 18:49:52 | [main] app.Driver (Driver.java:488) - Customer, New User, has logged out.
